<?xml version="1.0" encoding="UTF-8"?>
<!-- Generated by org.testng.reporters.JUnitXMLReporter -->
<testsuite ignored="1" hostname="LAPTOP-SMSC3E5O" failures="2" tests="12" name="Personal loan" time="0.043" errors="0" timestamp="18 May 2019 01:18:54 GMT">
  <testcase classname="test.day1" name="Demo" time="0.005"/>
  <testcase classname="test.day1" name="SecondTest" time="0.002"/>
  <testcase classname="test.day2" name="ploan" time="0.001"/>
  <testcase classname="test.day3" name="MobilesignoutcarLoan" time="0.001"/>
  <testcase classname="test.day3" name="MobilesignoutcarLoan" time="0.001"/>
  <testcase classname="test.day3" name="MobilesignoutcarLoan" time="0.0"/>
  <testcase classname="test.day3" name="WebloginCarLoan" time="0.0">
    <failure type="org.testng.TestNGException" message="
Parameter &amp;apos;URL&amp;apos; is required by @Test on method WebloginCarLoan but has not been marked @Optional or defined
in C:\Users\Mehir\eclipse-workspace\TestNGTutorial\testng2.xml">
      <![CDATA[org.testng.TestNGException: 
Parameter 'URL' is required by @Test on method WebloginCarLoan but has not been marked @Optional or defined
in C:\Users\Mehir\eclipse-workspace\TestNGTutorial\testng2.xml
... Removed 24 stack frames]]>
    </failure>
  </testcase> <!-- WebloginCarLoan -->
  <testcase classname="test.day3" name="MobileLogincarLoan" time="0.001"/>
  <testcase classname="test.day3" name="APIcarLoan" time="0.0">
    <skipped/>
  </testcase> <!-- APIcarLoan -->
  <testcase classname="test.day4" name="LoginAPIHomeLoan" time="0.001"/>
  <testcase classname="test.day4" name="MobileLoginHomeLoan" time="0.001"/>
  <testcase classname="test.day4" name="WebloginHomeLoan" time="0.0">
    <failure type="org.testng.TestNGException" message="
Parameter &amp;apos;URL&amp;apos; is required by @Test on method WebloginHomeLoan but has not been marked @Optional or defined
in C:\Users\Mehir\eclipse-workspace\TestNGTutorial\testng2.xml">
      <![CDATA[org.testng.TestNGException: 
Parameter 'URL' is required by @Test on method WebloginHomeLoan but has not been marked @Optional or defined
in C:\Users\Mehir\eclipse-workspace\TestNGTutorial\testng2.xml
... Removed 24 stack frames]]>
    </failure>
  </testcase> <!-- WebloginHomeLoan -->
  <testcase classname="test.day3" name="MobilesignimcarLoan" time="0.0">
    <ignored/>
  </testcase> <!-- MobilesignimcarLoan -->
</testsuite> <!-- Personal loan -->
